<?xml version="1.0" encoding="UTF-8"?>
<!-- Generated by org.testng.reporters.JUnitReportReporter -->
<testsuite name="com.qaf_assignments.tests.FlightSearch_CSV_Test" tests="1" time="68.829" ignored="0" failures="0" timestamp="18 Jan 2018 12:36:13 GMT" skipped="0" hostname="ICPL11485" errors="0">
  <testcase name="flightSearch_CSV_Test" time="68.829" classname="com.qaf_assignments.tests.FlightSearch_CSV_Test"/>
</testsuite> <!-- com.qaf_assignments.tests.FlightSearch_CSV_Test -->
