<?xml version="1.0" encoding="UTF-8"?>
<!-- Generated by org.testng.reporters.JUnitReportReporter -->
<testsuite name="com.qmetry.qaf.automation.step.client.DataDrivenScenario" tests="2" time="0.386" ignored="1" failures="0" timestamp="15 Feb 2018 10:08:01 GMT" skipped="2" hostname="ICPL11485" errors="0">
  <testcase name="Search Flight" time="0.060" classname="com.qmetry.qaf.automation.step.client.DataDrivenScenario">
    <skipped/>
  </testcase> <!-- Search Flight -->
  <testcase name="Search Flight" time="0.326" classname="com.qmetry.qaf.automation.step.client.DataDrivenScenario">
    <skipped/>
  </testcase> <!-- Search Flight -->
  <testcase name="Search Flight" classname="com.qmetry.qaf.automation.step.client.DataDrivenScenario">
    <skipped/>
  </testcase> <!-- Search Flight -->
</testsuite> <!-- com.qmetry.qaf.automation.step.client.DataDrivenScenario -->
