<?xml version="1.0" encoding="UTF-8"?>
<!-- Generated by org.testng.reporters.JUnitReportReporter -->
<testsuite name="com.qmetry.qaf.automation.step.client.Scenario" tests="1" time="53.899" ignored="0" failures="0" timestamp="17 Jan 2018 06:27:18 GMT" skipped="0" hostname="ICPL11485" errors="1">
  <testcase name="FlightSearchTest" time="53.899" classname="com.qmetry.qaf.automation.step.client.Scenario">
    <error type="java.lang.NullPointerException">
      <![CDATA[java.lang.NullPointerException
	at .Then Validate the result 'BOM - BLR'(scenarios/FlightSearchScenario.bdd:11)
	at com.qaf_assignments.steps.SearchResultSteps.validateSearchResult(SearchResultSteps.java:27)
	at com.qmetry.qaf.automation.step.JavaStep.doExecute(JavaStep.java:160)
	at com.qmetry.qaf.automation.step.BaseTestStep.execute(BaseTestStep.java:149)
	at com.qmetry.qaf.automation.step.StringTestStep.execute(StringTestStep.java:134)
	at com.qmetry.qaf.automation.step.client.Scenario.execute(Scenario.java:167)
	at com.qmetry.qaf.automation.step.client.Scenario.scenario(Scenario.java:219)
]]>
    </error>
  </testcase> <!-- FlightSearchTest -->
</testsuite> <!-- com.qmetry.qaf.automation.step.client.Scenario -->
