<?xml version="1.0" encoding="UTF-8"?>
<!-- Generated by org.testng.reporters.JUnitReportReporter -->
<testsuite name="com.qmetry.qaf.automation.step.client.DataDrivenScenario" tests="2" time="48.722" ignored="1" failures="0" timestamp="21 Feb 2018 06:30:49 GMT" skipped="0" hostname="ICPL11485" errors="0">
  <testcase name="Flight Search" time="18.345" classname="com.qmetry.qaf.automation.step.client.DataDrivenScenario"/>
  <testcase name="Flight Search" time="30.377" classname="com.qmetry.qaf.automation.step.client.DataDrivenScenario"/>
  <testcase name="Flight Search" classname="com.qmetry.qaf.automation.step.client.DataDrivenScenario">
    <skipped/>
  </testcase> <!-- Flight Search -->
</testsuite> <!-- com.qmetry.qaf.automation.step.client.DataDrivenScenario -->
